<?xml version="1.0" encoding="UTF-8"?>
<rss version="2.0">
    <channel>
        <item>
            <title>Nuclear threat and terrorism alert</title>
            <description>Critical security situation with bomb threats</description>
            <link>https://example.com/high-risk</link>
        </item>
    </channel>
</rss>